C:\Users\Knowdyn\Desktop\Copied\Ese\Tekkaboki\ikore_cirad\WorkEngine\RCCpp_DX11_Example\build\\Debug\RCCpp_DX11_Example.exe
C:\Users\Knowdyn\Desktop\Copied\Ese\Tekkaboki\ikore_cirad\WorkEngine\RCCpp_DX11_Example\build\\Debug\RCCpp_DX11_Example.ilk
C:\Users\Knowdyn\Desktop\Copied\Ese\Tekkaboki\ikore_cirad\WorkEngine\RCCpp_DX11_Example\build\\Debug\RCCpp_DX11_Example.pdb
C:\USERS\KNOWDYN\DESKTOP\COPIED\ESE\TEKKABOKI\IKORE_CIRAD\WORKENGINE\RCCPP_DX11_EXAMPLE\BUILD\DEBUG\RCCPP_DX11_EXAMPLE.EXE
C:\USERS\KNOWDYN\DESKTOP\COPIED\ESE\TEKKABOKI\IKORE_CIRAD\WORKENGINE\RCCPP_DX11_EXAMPLE\BUILD\DEBUG\RCCPP_DX11_EXAMPLE.ILK
C:\USERS\KNOWDYN\DESKTOP\COPIED\ESE\TEKKABOKI\IKORE_CIRAD\WORKENGINE\RCCPP_DX11_EXAMPLE\BUILD\DEBUG\RCCPP_DX11_EXAMPLE.PDB
C:\Users\Knowdyn\Desktop\Copied\Ese\Tekkaboki\ikore_cirad\WorkEngine\RCCpp_DX11_Example\build\intermediates\RCCpp_DX11_Example\Debug\cl.command.1.tlog
C:\Users\Knowdyn\Desktop\Copied\Ese\Tekkaboki\ikore_cirad\WorkEngine\RCCpp_DX11_Example\build\intermediates\RCCpp_DX11_Example\Debug\CL.read.1.tlog
C:\Users\Knowdyn\Desktop\Copied\Ese\Tekkaboki\ikore_cirad\WorkEngine\RCCpp_DX11_Example\build\intermediates\RCCpp_DX11_Example\Debug\CL.write.1.tlog
C:\USERS\KNOWDYN\DESKTOP\COPIED\ESE\TEKKABOKI\IKORE_CIRAD\WORKENGINE\RCCPP_DX11_EXAMPLE\BUILD\INTERMEDIATES\RCCPP_DX11_EXAMPLE\DEBUG\IMGUI.OBJ
C:\USERS\KNOWDYN\DESKTOP\COPIED\ESE\TEKKABOKI\IKORE_CIRAD\WORKENGINE\RCCPP_DX11_EXAMPLE\BUILD\INTERMEDIATES\RCCPP_DX11_EXAMPLE\DEBUG\IMGUI_DEMO.OBJ
C:\USERS\KNOWDYN\DESKTOP\COPIED\ESE\TEKKABOKI\IKORE_CIRAD\WORKENGINE\RCCPP_DX11_EXAMPLE\BUILD\INTERMEDIATES\RCCPP_DX11_EXAMPLE\DEBUG\IMGUI_DRAW.OBJ
C:\USERS\KNOWDYN\DESKTOP\COPIED\ESE\TEKKABOKI\IKORE_CIRAD\WORKENGINE\RCCPP_DX11_EXAMPLE\BUILD\INTERMEDIATES\RCCPP_DX11_EXAMPLE\DEBUG\IMGUI_IMPL_DX11.OBJ
C:\USERS\KNOWDYN\DESKTOP\COPIED\ESE\TEKKABOKI\IKORE_CIRAD\WORKENGINE\RCCPP_DX11_EXAMPLE\BUILD\INTERMEDIATES\RCCPP_DX11_EXAMPLE\DEBUG\IMGUI_IMPL_WIN32.OBJ
C:\USERS\KNOWDYN\DESKTOP\COPIED\ESE\TEKKABOKI\IKORE_CIRAD\WORKENGINE\RCCPP_DX11_EXAMPLE\BUILD\INTERMEDIATES\RCCPP_DX11_EXAMPLE\DEBUG\IMGUI_TABLES.OBJ
C:\USERS\KNOWDYN\DESKTOP\COPIED\ESE\TEKKABOKI\IKORE_CIRAD\WORKENGINE\RCCPP_DX11_EXAMPLE\BUILD\INTERMEDIATES\RCCPP_DX11_EXAMPLE\DEBUG\IMGUI_WIDGETS.OBJ
C:\Users\Knowdyn\Desktop\Copied\Ese\Tekkaboki\ikore_cirad\WorkEngine\RCCpp_DX11_Example\build\intermediates\RCCpp_DX11_Example\Debug\link.command.1.tlog
C:\Users\Knowdyn\Desktop\Copied\Ese\Tekkaboki\ikore_cirad\WorkEngine\RCCpp_DX11_Example\build\intermediates\RCCpp_DX11_Example\Debug\link.read.1.tlog
C:\Users\Knowdyn\Desktop\Copied\Ese\Tekkaboki\ikore_cirad\WorkEngine\RCCpp_DX11_Example\build\intermediates\RCCpp_DX11_Example\Debug\link.write.1.tlog
C:\USERS\KNOWDYN\DESKTOP\COPIED\ESE\TEKKABOKI\IKORE_CIRAD\WORKENGINE\RCCPP_DX11_EXAMPLE\BUILD\INTERMEDIATES\RCCPP_DX11_EXAMPLE\DEBUG\MAIN.OBJ
C:\Users\Knowdyn\Desktop\Copied\Ese\Tekkaboki\ikore_cirad\WorkEngine\RCCpp_DX11_Example\build\intermediates\RCCpp_DX11_Example\Debug\mt.command.1.tlog
C:\Users\Knowdyn\Desktop\Copied\Ese\Tekkaboki\ikore_cirad\WorkEngine\RCCpp_DX11_Example\build\intermediates\RCCpp_DX11_Example\Debug\mt.read.1.tlog
C:\Users\Knowdyn\Desktop\Copied\Ese\Tekkaboki\ikore_cirad\WorkEngine\RCCpp_DX11_Example\build\intermediates\RCCpp_DX11_Example\Debug\mt.write.1.tlog
C:\USERS\KNOWDYN\DESKTOP\COPIED\ESE\TEKKABOKI\IKORE_CIRAD\WORKENGINE\RCCPP_DX11_EXAMPLE\BUILD\INTERMEDIATES\RCCPP_DX11_EXAMPLE\DEBUG\RCCPP_DX11_EXAMPLE.EXE.INTERMEDIATE.MANIFEST
C:\Users\Knowdyn\Desktop\Copied\Ese\Tekkaboki\ikore_cirad\WorkEngine\RCCpp_DX11_Example\build\intermediates\RCCpp_DX11_Example\Debug\RCCpp_DX11_Example.write.1.tlog
C:\Users\Knowdyn\Desktop\Copied\Ese\Tekkaboki\ikore_cirad\WorkEngine\RCCpp_DX11_Example\build\intermediates\RCCpp_DX11_Example\Debug\vc100.idb
C:\USERS\KNOWDYN\DESKTOP\COPIED\ESE\TEKKABOKI\IKORE_CIRAD\WORKENGINE\RCCPP_DX11_EXAMPLE\BUILD\INTERMEDIATES\RCCPP_DX11_EXAMPLE\DEBUG\VC100.PDB
