Build started 4/25/2021 6:40:09 PM.
     1>Project "C:\Users\Knowdyn\Desktop\Copied\Ese\Tekkaboki\ikore_cirad\WorkEngine\RCCpp_DX11_Example\RCCpp_DX11_Example\RCCpp_DX11_Example.vcxproj" on node 2 (build target(s)).
     1>InitializeBuildStatus:
         Creating "C:\Users\Knowdyn\Desktop\Copied\Ese\Tekkaboki\ikore_cirad\WorkEngine\RCCpp_DX11_Example\build\intermediates\RCCpp_DX11_Example\\Debug\RCCpp_DX11_Example.unsuccessfulbuild" because "AlwaysCreate" was specified.
       ClCompile:
         c:\Program Files (x86)\Microsoft Visual Studio 10.0\VC\bin\CL.exe /c /IC:\Users\Knowdyn\Desktop\Copied\Ese\Tekkaboki\ikore_cirad\WorkEngine\RCCpp_DX11_Example\RCCpp_DX11_Example\shapelib /IC:\Users\Knowdyn\Desktop\Copied\Ese\Tekkaboki\ikore_cirad\EseBoost\boost1_76_0\boost /IC:\Users\Knowdyn\Desktop\Copied\Ese\Tekkaboki\ikore_cirad\EseBoost\boost_1_66_0\boost /IC:\Users\Knowdyn\Desktop\Copied\Ese\Tekkaboki\ikore_cirad\WorkEngine\RCCpp_DX11_Example\boost\geometry /IC:\Users\Knowdyn\Desktop\Copied\Ese\Tekkaboki\ikore_cirad\WorkEngine\RCCpp_DX11_Example\boost\geometry\geometries /IC:\Users\Knowdyn\Desktop\Copied\Ese\Tekkaboki\ikore_cirad\WorkEngine\RCCpp_DX11_Example\boost\geometry\extensions\gis\io\shapelib /Iboost\geometry /Iboost /Iimgui /Iimgui\examples /IRuntimeCompiledCPlusPlus\Aurora\RuntimeObjectSystem /IRuntimeCompiledCPlusPlus\Aurora\RuntimeCompiler /ZI /nologo /W4 /WX- /Od /Oy- /D _UNICODE /D UNICODE /Gm /EHsc /RTC1 /MDd /GS /fp:precise /Zc:wchar_t /Zc:forScope /Fo"C:\Users\Knowdyn\Desktop\Copied\Ese\Tekkaboki\ikore_cirad\WorkEngine\RCCpp_DX11_Example\build\intermediates\RCCpp_DX11_Example\\Debug\\" /Fd"C:\Users\Knowdyn\Desktop\Copied\Ese\Tekkaboki\ikore_cirad\WorkEngine\RCCpp_DX11_Example\build\intermediates\RCCpp_DX11_Example\\Debug\vc100.pdb" /Gd /TP /analyze- /errorReport:prompt main.cpp
         main.cpp
     1>c:\users\knowdyn\desktop\copied\ese\tekkaboki\ikore_cirad\workengine\rccpp_dx11_example\rccpp_dx11_example\main.cpp(370): warning C4244: 'argument' : conversion from 'int' to 'float', possible loss of data
     1>c:\users\knowdyn\desktop\copied\ese\tekkaboki\ikore_cirad\workengine\rccpp_dx11_example\rccpp_dx11_example\main.cpp(370): warning C4244: 'argument' : conversion from 'int' to 'float', possible loss of data
     1>c:\users\knowdyn\desktop\copied\ese\tekkaboki\ikore_cirad\workengine\rccpp_dx11_example\rccpp_dx11_example\main.cpp(375): warning C4244: 'argument' : conversion from 'int' to 'float', possible loss of data
     1>c:\users\knowdyn\desktop\copied\ese\tekkaboki\ikore_cirad\workengine\rccpp_dx11_example\rccpp_dx11_example\main.cpp(375): warning C4244: 'argument' : conversion from 'int' to 'float', possible loss of data
     1>c:\users\knowdyn\desktop\copied\ese\tekkaboki\ikore_cirad\workengine\rccpp_dx11_example\rccpp_dx11_example\main.cpp(381): warning C4244: 'argument' : conversion from 'int' to 'float', possible loss of data
     1>c:\users\knowdyn\desktop\copied\ese\tekkaboki\ikore_cirad\workengine\rccpp_dx11_example\rccpp_dx11_example\main.cpp(381): warning C4244: 'argument' : conversion from 'int' to 'float', possible loss of data
     1>c:\users\knowdyn\desktop\copied\ese\tekkaboki\ikore_cirad\workengine\rccpp_dx11_example\rccpp_dx11_example\main.cpp(428): warning C4244: 'argument' : conversion from 'int' to 'float', possible loss of data
     1>c:\users\knowdyn\desktop\copied\ese\tekkaboki\ikore_cirad\workengine\rccpp_dx11_example\rccpp_dx11_example\main.cpp(428): warning C4244: 'argument' : conversion from 'int' to 'float', possible loss of data
       Link:
         c:\Program Files (x86)\Microsoft Visual Studio 10.0\VC\bin\link.exe /ERRORREPORT:PROMPT /OUT:"C:\Users\Knowdyn\Desktop\Copied\Ese\Tekkaboki\ikore_cirad\WorkEngine\RCCpp_DX11_Example\build\\Debug\RCCpp_DX11_Example.exe" /NOLOGO /LIBPATH:C:\Users\Knowdyn\Desktop\Copied\Ese\Tekkaboki\ikore_cirad\EseBoost\boost1_76_0\libs /LIBPATH:C:\Users\Knowdyn\Desktop\Copied\Ese\Tekkaboki\ikore_cirad\EseBoost\boost_1_66_0\libs /LIBPATH:C:\Users\Knowdyn\Desktop\Copied\Ese\Tekkaboki\ikore_cirad\WorkEngine\RCCpp_DX11_Example\build\\Debug\ /LIBPATH:"C:\Program Files (x86)\Microsoft DirectX SDK (June 2010)\/Lib/x86" d3d11.lib d3dcompiler.lib dxgi.lib RuntimeCompiler.lib RuntimeObjectSystem.lib kernel32.lib user32.lib gdi32.lib winspool.lib comdlg32.lib advapi32.lib shell32.lib ole32.lib oleaut32.lib uuid.lib odbc32.lib odbccp32.lib /MANIFEST /ManifestFile:"C:\Users\Knowdyn\Desktop\Copied\Ese\Tekkaboki\ikore_cirad\WorkEngine\RCCpp_DX11_Example\build\intermediates\RCCpp_DX11_Example\\Debug\RCCpp_DX11_Example.exe.intermediate.manifest" /MANIFESTUAC:"level='asInvoker' uiAccess='false'" /DEBUG /PDB:"C:\Users\Knowdyn\Desktop\Copied\Ese\Tekkaboki\ikore_cirad\WorkEngine\RCCpp_DX11_Example\build\Debug\RCCpp_DX11_Example.pdb" /SUBSYSTEM:CONSOLE /TLBID:1 /DYNAMICBASE /NXCOMPAT /IMPLIB:"C:\Users\Knowdyn\Desktop\Copied\Ese\Tekkaboki\ikore_cirad\WorkEngine\RCCpp_DX11_Example\build\\Debug\RCCpp_DX11_Example.lib" /MACHINE:X86 C:\Users\Knowdyn\Desktop\Copied\Ese\Tekkaboki\ikore_cirad\WorkEngine\RCCpp_DX11_Example\build\intermediates\RCCpp_DX11_Example\\Debug\imgui.obj
         C:\Users\Knowdyn\Desktop\Copied\Ese\Tekkaboki\ikore_cirad\WorkEngine\RCCpp_DX11_Example\build\intermediates\RCCpp_DX11_Example\\Debug\imgui_demo.obj
         C:\Users\Knowdyn\Desktop\Copied\Ese\Tekkaboki\ikore_cirad\WorkEngine\RCCpp_DX11_Example\build\intermediates\RCCpp_DX11_Example\\Debug\imgui_draw.obj
         C:\Users\Knowdyn\Desktop\Copied\Ese\Tekkaboki\ikore_cirad\WorkEngine\RCCpp_DX11_Example\build\intermediates\RCCpp_DX11_Example\\Debug\imgui_tables.obj
         C:\Users\Knowdyn\Desktop\Copied\Ese\Tekkaboki\ikore_cirad\WorkEngine\RCCpp_DX11_Example\build\intermediates\RCCpp_DX11_Example\\Debug\imgui_widgets.obj
         C:\Users\Knowdyn\Desktop\Copied\Ese\Tekkaboki\ikore_cirad\WorkEngine\RCCpp_DX11_Example\build\intermediates\RCCpp_DX11_Example\\Debug\imgui_impl_dx11.obj
         C:\Users\Knowdyn\Desktop\Copied\Ese\Tekkaboki\ikore_cirad\WorkEngine\RCCpp_DX11_Example\build\intermediates\RCCpp_DX11_Example\\Debug\imgui_impl_win32.obj
         C:\Users\Knowdyn\Desktop\Copied\Ese\Tekkaboki\ikore_cirad\WorkEngine\RCCpp_DX11_Example\build\intermediates\RCCpp_DX11_Example\\Debug\main.obj
         LINK : C:\Users\Knowdyn\Desktop\Copied\Ese\Tekkaboki\ikore_cirad\WorkEngine\RCCpp_DX11_Example\build\\Debug\RCCpp_DX11_Example.exe not found or not built by the last incremental link; performing full link
         RCCpp_DX11_Example.vcxproj -> C:\Users\Knowdyn\Desktop\Copied\Ese\Tekkaboki\ikore_cirad\WorkEngine\RCCpp_DX11_Example\build\\Debug\RCCpp_DX11_Example.exe
       Manifest:
         C:\Program Files (x86)\Microsoft SDKs\Windows\v7.0A\bin\mt.exe /nologo /verbose /outputresource:"C:\Users\Knowdyn\Desktop\Copied\Ese\Tekkaboki\ikore_cirad\WorkEngine\RCCpp_DX11_Example\build\\Debug\RCCpp_DX11_Example.exe;#1" /manifest C:\Users\Knowdyn\Desktop\Copied\Ese\Tekkaboki\ikore_cirad\WorkEngine\RCCpp_DX11_Example\build\intermediates\RCCpp_DX11_Example\\Debug\RCCpp_DX11_Example.exe.intermediate.manifest
       FinalizeBuildStatus:
         Deleting file "C:\Users\Knowdyn\Desktop\Copied\Ese\Tekkaboki\ikore_cirad\WorkEngine\RCCpp_DX11_Example\build\intermediates\RCCpp_DX11_Example\\Debug\RCCpp_DX11_Example.unsuccessfulbuild".
         Touching "C:\Users\Knowdyn\Desktop\Copied\Ese\Tekkaboki\ikore_cirad\WorkEngine\RCCpp_DX11_Example\build\intermediates\RCCpp_DX11_Example\\Debug\RCCpp_DX11_Example.lastbuildstate".
     1>Done Building Project "C:\Users\Knowdyn\Desktop\Copied\Ese\Tekkaboki\ikore_cirad\WorkEngine\RCCpp_DX11_Example\RCCpp_DX11_Example\RCCpp_DX11_Example.vcxproj" (build target(s)).

Build succeeded.

Time Elapsed 00:00:11.45
